<?xml version="1.0" encoding="UTF-8"?>
<!-- Generated by org.testng.reporters.JUnitReportReporter -->
<testsuite hostname="Mamuns-MacBook-Pro.local" failures="0" tests="4" name="com.OrangeHrm.DemoTestNG" time="0.007" errors="0" timestamp="2021-03-04T03:21:33 EST" skipped="0">
  <testcase classname="com.OrangeHrm.DemoTestNG" name="method4" time="0.006"/>
  <system-out/>
  <testcase classname="com.OrangeHrm.DemoTestNG" name="method3" time="0.000"/>
  <system-out/>
  <testcase classname="com.OrangeHrm.DemoTestNG" name="method2" time="0.000"/>
  <system-out/>
  <testcase classname="com.OrangeHrm.DemoTestNG" name="method1" time="0.001"/>
  <system-out/>
</testsuite> <!-- com.OrangeHrm.DemoTestNG -->
