<?xml version="1.0" encoding="UTF-8"?>
<!-- Generated by org.testng.reporters.JUnitReportReporter -->
<testsuite hostname="Mamuns-MacBook-Pro.local" failures="0" tests="2" name="com.dataProvider.LoginwithDDT" time="17.026" errors="0" timestamp="2021-03-04T18:53:55 EST" skipped="0">
  <testcase classname="com.dataProvider.LoginwithDDT" name="testwithDD" time="7.746"/>
  <testcase classname="com.dataProvider.LoginwithDDT" name="testwithDD" time="9.280"/>
</testsuite> <!-- com.dataProvider.LoginwithDDT -->
