<?xml version="1.0" encoding="UTF-8"?>
<!-- Generated by org.testng.reporters.JUnitReportReporter -->
<testsuite hostname="Mamuns-MacBook-Pro.local" failures="0" tests="1" name="com.demoPageObject.TestClass" time="4.865" errors="0" timestamp="2021-03-05T22:53:56 EST" skipped="0">
  <testcase classname="com.demoPageObject.TestClass" name="testOrnangeHrm" time="4.865"/>
</testsuite> <!-- com.demoPageObject.TestClass -->
