<?xml version="1.0" encoding="UTF-8"?>
<!-- Generated by org.testng.reporters.JUnitReportReporter -->
<testsuite hostname="Mamuns-MacBook-Pro.local" failures="0" tests="1" name="com.dataProvider.Demo" time="0.007" errors="0" timestamp="2021-03-09T23:27:06 EST" skipped="0">
  <testcase classname="com.dataProvider.Demo" name="demoarray" time="0.007"/>
</testsuite> <!-- com.dataProvider.Demo -->
