<?xml version="1.0" encoding="UTF-8"?>
<!-- Generated by org.testng.reporters.JUnitReportReporter -->
<testsuite hostname="Mamuns-MacBook-Pro.local" failures="0" tests="2" name="com.opensource.BrowserNew" time="9.817" errors="0" timestamp="2021-03-04T17:21:26 EST" skipped="0">
  <testcase classname="com.opensource.BrowserNew" name="browserTest" time="3.746"/>
  <testcase classname="com.opensource.BrowserNew" name="browserTest" time="6.071"/>
</testsuite> <!-- com.opensource.BrowserNew -->
