<?xml version="1.0" encoding="UTF-8"?>
<!-- Generated by org.testng.reporters.JUnitReportReporter -->
<testsuite hostname="Mamuns-MacBook-Pro.local" failures="0" tests="1" name="reportsdemo.TestReprots" time="0.347" errors="0" timestamp="2021-03-10T20:52:29 EST" skipped="0">
  <testcase classname="reportsdemo.TestReprots" name="generateReport" time="0.347"/>
</testsuite> <!-- reportsdemo.TestReprots -->
