<?xml version="1.0" encoding="UTF-8"?>
<!-- Generated by org.testng.reporters.JUnitReportReporter -->
<testsuite hostname="Mamuns-MacBook-Pro.local" failures="0" tests="2" name="com.dataProvider.DataDriven" time="0.006" errors="0" timestamp="2021-03-04T18:27:54 EST" skipped="0">
  <testcase classname="com.dataProvider.DataDriven" name="testwithDD" time="0.001"/>
  <testcase classname="com.dataProvider.DataDriven" name="testwithDD" time="0.005"/>
</testsuite> <!-- com.dataProvider.DataDriven -->
