<?xml version="1.0" encoding="UTF-8"?>
<!-- Generated by org.testng.reporters.JUnitReportReporter -->
<testsuite hostname="Mamuns-MacBook-Pro.local" failures="0" tests="1" name="macys.Bofa" time="8.367" errors="0" timestamp="2021-03-16T20:45:42 EDT" skipped="0">
  <testcase classname="macys.Bofa" name="bofaTest" time="8.367"/>
</testsuite> <!-- macys.Bofa -->
