<?xml version="1.0" encoding="UTF-8"?>
<!-- Generated by org.testng.reporters.JUnitReportReporter -->
<testsuite hostname="Mamuns-MacBook-Pro.local" failures="0" tests="1" name="com.testcases.TestClass" time="4.741" errors="0" timestamp="2021-03-10T18:44:45 EST" skipped="0">
  <testcase classname="com.testcases.TestClass" name="testOrnangeHrm" time="4.741"/>
</testsuite> <!-- com.testcases.TestClass -->
