<?xml version="1.0" encoding="UTF-8"?>
<!-- Generated by org.testng.reporters.JUnitReportReporter -->
<testsuite hostname="Mamuns-MacBook-Pro.local" failures="0" tests="3" name="com.dataProvider.DataDriven2D" time="0.010" errors="0" timestamp="2021-03-09T23:13:55 EST" skipped="0">
  <testcase classname="com.dataProvider.DataDriven2D" name="login" time="0.002"/>
  <testcase classname="com.dataProvider.DataDriven2D" name="demoarray" time="0.007"/>
  <testcase classname="com.dataProvider.DataDriven2D" name="login" time="0.001"/>
</testsuite> <!-- com.dataProvider.DataDriven2D -->
