<?xml version="1.0" encoding="UTF-8"?>
<!-- Generated by org.testng.reporters.JUnitReportReporter -->
<testsuite hostname="Mamuns-MacBook-Pro.local" failures="0" tests="2" name="com.dataProvider.LoginwithDDT2" time="16.899" errors="0" timestamp="2021-03-09T22:58:54 EST" skipped="0">
  <testcase classname="com.dataProvider.LoginwithDDT2" name="testwithDD" time="7.273"/>
  <testcase classname="com.dataProvider.LoginwithDDT2" name="testwithDD" time="9.626"/>
</testsuite> <!-- com.dataProvider.LoginwithDDT2 -->
