<?xml version="1.0" encoding="UTF-8"?>
<!-- Generated by org.testng.reporters.JUnitReportReporter -->
<testsuite hostname="Mamuns-MacBook-Pro.local" failures="0" tests="1" name="com.OrangeHrm.Yahoo" time="4.754" errors="0" timestamp="2021-03-04T03:20:38 EST" skipped="0">
  <testcase classname="com.OrangeHrm.Yahoo" name="login" time="4.754"/>
  <system-out/>
</testsuite> <!-- com.OrangeHrm.Yahoo -->
