<?xml version="1.0" encoding="UTF-8"?>
<!-- Generated by org.testng.reporters.JUnitReportReporter -->
<testsuite hostname="Mamuns-MacBook-Pro.local" failures="0" tests="2" name="com.dataProvider.ReadExcel" time="13.362" errors="0" timestamp="2021-03-10T16:56:31 EST" skipped="0">
  <testcase classname="com.dataProvider.ReadExcel" name="login" time="10.446"/>
  <testcase classname="com.dataProvider.ReadExcel" name="login" time="2.916"/>
</testsuite> <!-- com.dataProvider.ReadExcel -->
