<?xml version="1.0" encoding="UTF-8"?>
<!-- Generated by org.testng.reporters.JUnitReportReporter -->
<testsuite hostname="Mamuns-MacBook-Pro.local" failures="0" tests="1" name="com.dataProvider.array2Dwithloop" time="0.006" errors="0" timestamp="2021-03-09T23:27:52 EST" skipped="0">
  <testcase classname="com.dataProvider.array2Dwithloop" name="demoarray" time="0.006"/>
</testsuite> <!-- com.dataProvider.array2Dwithloop -->
